mode: set
git.jlel.se/jlelse/goshort/database.go:15.42,16.27 1 1
git.jlel.se/jlelse/goshort/database.go:16.27,18.3 1 1
git.jlel.se/jlelse/goshort/database.go:19.2,24.16 3 1
git.jlel.se/jlelse/goshort/database.go:24.16,26.3 1 0
git.jlel.se/jlelse/goshort/database.go:27.2,27.24 1 1
git.jlel.se/jlelse/goshort/database.go:27.24,30.3 2 1
git.jlel.se/jlelse/goshort/database.go:31.2,32.12 2 1
git.jlel.se/jlelse/goshort/database.go:35.33,54.16 5 1
git.jlel.se/jlelse/goshort/database.go:54.16,57.3 2 0
git.jlel.se/jlelse/goshort/database.go:58.2,60.16 3 1
git.jlel.se/jlelse/goshort/database.go:60.16,63.3 2 0
git.jlel.se/jlelse/goshort/database.go:71.73,75.16 4 1
git.jlel.se/jlelse/goshort/database.go:75.16,77.3 1 1
git.jlel.se/jlelse/goshort/database.go:78.2,81.4 2 1
git.jlel.se/jlelse/goshort/database.go:84.45,88.16 4 1
git.jlel.se/jlelse/goshort/database.go:88.16,90.3 1 1
git.jlel.se/jlelse/goshort/database.go:91.2,94.4 2 1
git.jlel.se/jlelse/goshort/database.go:97.80,101.16 4 1
git.jlel.se/jlelse/goshort/database.go:101.16,103.3 1 1
git.jlel.se/jlelse/goshort/database.go:104.2,107.4 2 1
git.jlel.se/jlelse/goshort/database.go:110.41,111.12 1 1
git.jlel.se/jlelse/goshort/database.go:111.12,119.3 5 1
git.jlel.se/jlelse/goshort/database.go:122.64,124.16 2 1
git.jlel.se/jlelse/goshort/database.go:124.16,126.3 1 1
git.jlel.se/jlelse/goshort/database.go:127.2,130.45 2 1
git.jlel.se/jlelse/goshort/database.go:130.45,133.4 2 1
git.jlel.se/jlelse/goshort/database.go:135.2,135.8 1 1
git.jlel.se/jlelse/goshort/main.go:46.46,49.34 3 1
git.jlel.se/jlelse/goshort/main.go:49.34,61.3 11 1
git.jlel.se/jlelse/goshort/main.go:62.2,64.8 3 1
git.jlel.se/jlelse/goshort/main.go:67.13,76.30 7 1
git.jlel.se/jlelse/goshort/main.go:76.30,79.3 2 1
git.jlel.se/jlelse/goshort/main.go:80.2,80.30 1 1
git.jlel.se/jlelse/goshort/main.go:80.30,83.3 2 1
git.jlel.se/jlelse/goshort/main.go:84.2,84.32 1 1
git.jlel.se/jlelse/goshort/main.go:84.32,87.3 2 1
git.jlel.se/jlelse/goshort/main.go:89.2,93.16 4 1
git.jlel.se/jlelse/goshort/main.go:93.16,96.3 2 0
git.jlel.se/jlelse/goshort/main.go:98.2,99.16 2 1
git.jlel.se/jlelse/goshort/main.go:99.16,104.3 4 1
git.jlel.se/jlelse/goshort/main.go:106.2,112.26 2 1
git.jlel.se/jlelse/goshort/main.go:112.26,115.50 3 1
git.jlel.se/jlelse/goshort/main.go:115.50,117.4 1 0
git.jlel.se/jlelse/goshort/main.go:118.3,118.32 1 1
git.jlel.se/jlelse/goshort/main.go:120.2,120.12 1 1
git.jlel.se/jlelse/goshort/main.go:120.12,122.84 2 1
git.jlel.se/jlelse/goshort/main.go:122.84,124.4 1 0
git.jlel.se/jlelse/goshort/main.go:127.2,127.21 1 1
git.jlel.se/jlelse/goshort/main.go:130.63,131.71 1 1
git.jlel.se/jlelse/goshort/main.go:131.71,132.29 1 1
git.jlel.se/jlelse/goshort/main.go:132.29,134.4 1 1
git.jlel.se/jlelse/goshort/main.go:135.3,135.23 1 1
git.jlel.se/jlelse/goshort/main.go:139.65,140.135 1 1
git.jlel.se/jlelse/goshort/main.go:140.135,142.3 1 1
git.jlel.se/jlelse/goshort/main.go:145.64,146.158 1 1
git.jlel.se/jlelse/goshort/main.go:146.158,148.3 1 1
git.jlel.se/jlelse/goshort/main.go:151.68,152.166 1 1
git.jlel.se/jlelse/goshort/main.go:152.166,154.3 1 1
git.jlel.se/jlelse/goshort/main.go:157.64,158.112 1 1
git.jlel.se/jlelse/goshort/main.go:158.112,160.3 1 1
git.jlel.se/jlelse/goshort/main.go:163.69,164.148 1 1
git.jlel.se/jlelse/goshort/main.go:164.148,166.3 1 1
git.jlel.se/jlelse/goshort/main.go:169.96,175.2 1 1
git.jlel.se/jlelse/goshort/main.go:177.119,184.2 1 1
git.jlel.se/jlelse/goshort/main.go:186.70,187.64 1 1
git.jlel.se/jlelse/goshort/main.go:187.64,190.3 2 1
git.jlel.se/jlelse/goshort/main.go:192.2,193.22 2 1
git.jlel.se/jlelse/goshort/main.go:193.22,196.3 2 1
git.jlel.se/jlelse/goshort/main.go:198.2,200.16 3 1
git.jlel.se/jlelse/goshort/main.go:200.16,205.46 3 1
git.jlel.se/jlelse/goshort/main.go:205.46,208.5 2 1
git.jlel.se/jlelse/goshort/main.go:210.8,212.3 1 1
git.jlel.se/jlelse/goshort/main.go:214.2,214.16 1 1
git.jlel.se/jlelse/goshort/main.go:214.16,215.36 1 1
git.jlel.se/jlelse/goshort/main.go:215.36,216.18 1 1
git.jlel.se/jlelse/goshort/main.go:216.18,219.5 2 1
git.jlel.se/jlelse/goshort/main.go:220.4,221.10 2 1
git.jlel.se/jlelse/goshort/main.go:223.8,226.14 3 1
git.jlel.se/jlelse/goshort/main.go:226.14,229.18 3 1
git.jlel.se/jlelse/goshort/main.go:229.18,232.5 2 1
git.jlel.se/jlelse/goshort/main.go:236.2,236.67 1 1
git.jlel.se/jlelse/goshort/main.go:236.67,239.3 2 0
git.jlel.se/jlelse/goshort/main.go:241.2,242.28 2 1
git.jlel.se/jlelse/goshort/main.go:245.74,246.64 1 1
git.jlel.se/jlelse/goshort/main.go:246.64,249.3 2 1
git.jlel.se/jlelse/goshort/main.go:251.2,252.23 2 1
git.jlel.se/jlelse/goshort/main.go:252.23,255.3 2 1
git.jlel.se/jlelse/goshort/main.go:257.2,259.16 3 1
git.jlel.se/jlelse/goshort/main.go:259.16,264.46 3 1
git.jlel.se/jlelse/goshort/main.go:264.46,267.5 2 1
git.jlel.se/jlelse/goshort/main.go:269.8,271.3 1 1
git.jlel.se/jlelse/goshort/main.go:273.2,273.16 1 1
git.jlel.se/jlelse/goshort/main.go:273.16,274.36 1 1
git.jlel.se/jlelse/goshort/main.go:274.36,275.18 1 1
git.jlel.se/jlelse/goshort/main.go:275.18,278.5 2 1
git.jlel.se/jlelse/goshort/main.go:279.4,280.10 2 1
git.jlel.se/jlelse/goshort/main.go:282.8,285.14 3 1
git.jlel.se/jlelse/goshort/main.go:285.14,288.18 3 1
git.jlel.se/jlelse/goshort/main.go:288.18,291.5 2 1
git.jlel.se/jlelse/goshort/main.go:295.2,295.69 1 1
git.jlel.se/jlelse/goshort/main.go:295.69,298.3 2 0
git.jlel.se/jlelse/goshort/main.go:300.2,301.28 2 1
git.jlel.se/jlelse/goshort/main.go:304.69,306.16 2 1
git.jlel.se/jlelse/goshort/main.go:306.16,309.3 2 1
git.jlel.se/jlelse/goshort/main.go:311.2,312.18 2 1
git.jlel.se/jlelse/goshort/main.go:312.18,315.3 2 1
git.jlel.se/jlelse/goshort/main.go:317.2,318.22 2 1
git.jlel.se/jlelse/goshort/main.go:318.22,320.3 1 1
git.jlel.se/jlelse/goshort/main.go:322.2,322.52 1 1
git.jlel.se/jlelse/goshort/main.go:322.52,325.3 2 1
git.jlel.se/jlelse/goshort/main.go:327.2,327.76 1 1
git.jlel.se/jlelse/goshort/main.go:327.76,330.3 2 1
git.jlel.se/jlelse/goshort/main.go:332.2,333.42 2 1
git.jlel.se/jlelse/goshort/main.go:336.69,338.16 2 1
git.jlel.se/jlelse/goshort/main.go:338.16,341.3 2 1
git.jlel.se/jlelse/goshort/main.go:343.2,343.52 1 1
git.jlel.se/jlelse/goshort/main.go:343.52,346.3 2 1
git.jlel.se/jlelse/goshort/main.go:348.2,348.43 1 1
git.jlel.se/jlelse/goshort/main.go:348.43,351.3 2 0
git.jlel.se/jlelse/goshort/main.go:353.2,354.42 2 1
git.jlel.se/jlelse/goshort/main.go:357.67,367.45 4 1
git.jlel.se/jlelse/goshort/main.go:367.45,374.4 6 1
git.jlel.se/jlelse/goshort/main.go:376.2,377.16 2 1
git.jlel.se/jlelse/goshort/main.go:377.16,380.3 2 1
git.jlel.se/jlelse/goshort/main.go:382.2,383.16 2 1
git.jlel.se/jlelse/goshort/main.go:383.16,386.3 2 1
git.jlel.se/jlelse/goshort/main.go:389.74,391.67 1 1
git.jlel.se/jlelse/goshort/main.go:391.67,393.3 1 1
git.jlel.se/jlelse/goshort/main.go:395.2,395.50 1 1
git.jlel.se/jlelse/goshort/main.go:395.50,397.3 1 1
git.jlel.se/jlelse/goshort/main.go:399.2,401.14 3 1
git.jlel.se/jlelse/goshort/main.go:404.28,407.19 3 1
git.jlel.se/jlelse/goshort/main.go:407.19,409.3 1 1
git.jlel.se/jlelse/goshort/main.go:410.2,410.18 1 1
git.jlel.se/jlelse/goshort/main.go:413.75,421.45 4 1
git.jlel.se/jlelse/goshort/main.go:421.45,425.4 3 1
git.jlel.se/jlelse/goshort/main.go:427.2,429.57 2 1
git.jlel.se/jlelse/goshort/main.go:429.57,432.3 2 1
git.jlel.se/jlelse/goshort/main.go:434.2,436.20 2 1
git.jlel.se/jlelse/goshort/main.go:437.15,438.40 1 1
git.jlel.se/jlelse/goshort/main.go:439.10,440.65 1 1
git.jlel.se/jlelse/goshort/main.go:444.81,446.2 1 1
git.jlel.se/jlelse/goshort/templates.go:14.13,15.96 1 1
git.jlel.se/jlelse/goshort/templates.go:15.96,18.3 2 0
git.jlel.se/jlelse/goshort/templates.go:29.37,32.2 2 1
git.jlel.se/jlelse/goshort/templates.go:37.40,40.2 2 1
git.jlel.se/jlelse/goshort/templates.go:45.41,48.2 2 1
